2022-12-17 17:21:01,597 [INFO] Activator:177 - 


2022-12-17 17:21:01,599 [INFO] Activator:178 - !SESSION log4j initialized
2022-12-17 17:21:14,064 [INFO] McuFinderGlobals:39 - Set McuFinder mode to 2 (CubeIDE integrated)
2022-12-17 17:21:14,282 [INFO] ApplicationProperties:181 - Using Application install path: C:\ST\STM32CubeIDE_1.7.0\STM32CubeIDE\plugins\com.st.stm32cube.common.mx_6.3.0.202107141111
2022-12-17 17:21:14,295 [INFO] DbMcusXml:74 - Set database path to: C:\ST\STM32CubeIDE_1.7.0\STM32CubeIDE\plugins\com.st.stm32cube.common.mx_6.3.0.202107141111\\db\/mcu/
2022-12-17 17:21:14,299 [INFO] DbBoardsPdsc:56 - Set plugin database path to: C:\ST\STM32CubeIDE_1.7.0\STM32CubeIDE\plugins\com.st.stm32cube.common.mx_6.3.0.202107141111\\db\/plugins/boardmanager/
2022-12-17 17:21:14,300 [INFO] DbMcus:258 - Set plugin images path to: C:\ST\STM32CubeIDE_1.7.0\STM32CubeIDE\plugins\com.st.stm32cube.common.mx_6.3.0.202107141111\\db\/plugins/mcufinder/images/
2022-12-17 17:21:14,300 [INFO] DbBoards:264 - Set plugin images path to: C:\ST\STM32CubeIDE_1.7.0\STM32CubeIDE\plugins\com.st.stm32cube.common.mx_6.3.0.202107141111\\db\/plugins/mcufinder/images/
2022-12-17 17:21:14,303 [INFO] DbExamples:333 - Set plugin images path to: C:\ST\STM32CubeIDE_1.7.0\STM32CubeIDE\plugins\com.st.stm32cube.common.mx_6.3.0.202107141111\\db\/plugins/mcufinder/images/
2022-12-17 17:21:14,314 [INFO] DbMcusAds:119 - Set database path to: C:\Users\Hong Phat\.stmcufinder\plugins\mcufinder//mcu/
2022-12-17 17:21:14,315 [INFO] DbMcusDocs:110 - Set database path to: C:\Users\Hong Phat\.stmcufinder\plugins\mcufinder//mcu/
2022-12-17 17:21:14,317 [INFO] DbMcusJson:64 - Set database path to: C:\Users\Hong Phat\.stmcufinder\plugins\mcufinder//mcu/
2022-12-17 17:21:14,318 [INFO] DbBoardsDocs:110 - Set database path to: C:\Users\Hong Phat\.stmcufinder\plugins\mcufinder//mcu/
2022-12-17 17:21:14,320 [INFO] DbBoardsJson:57 - Set database path to: C:\Users\Hong Phat\.stmcufinder\plugins\mcufinder//mcu/
2022-12-17 17:21:14,323 [INFO] CrossReferenceDbSqlite:196 - Set database path to: C:\Users\Hong Phat\.stmcufinder\plugins\mcufinder//mcu/cs/
2022-12-17 17:21:14,326 [INFO] DbExamplesSqlite:767 - Set database path to: C:\Users\Hong Phat\.stmcufinder\plugins\mcufinder//mcu/
2022-12-17 17:21:14,421 [INFO] RulesReader:57 - Compatibility file has been processed (242 Rules)
2022-12-17 17:21:14,542 [INFO] DbMcusXml:74 - Set database path to: C:\ST\STM32CubeIDE_1.7.0\STM32CubeIDE\plugins\com.st.stm32cube.common.mx_6.3.0.202107141111\\db\/mcu/
2022-12-17 17:21:14,544 [INFO] DbBoardsPdsc:56 - Set plugin database path to: C:\ST\STM32CubeIDE_1.7.0\STM32CubeIDE\plugins\com.st.stm32cube.common.mx_6.3.0.202107141111\\db\/plugins/boardmanager/
2022-12-17 17:21:14,544 [INFO] DbMcus:258 - Set plugin images path to: C:\ST\STM32CubeIDE_1.7.0\STM32CubeIDE\plugins\com.st.stm32cube.common.mx_6.3.0.202107141111\\db\/plugins/mcufinder/images/
2022-12-17 17:21:14,544 [INFO] DbBoards:264 - Set plugin images path to: C:\ST\STM32CubeIDE_1.7.0\STM32CubeIDE\plugins\com.st.stm32cube.common.mx_6.3.0.202107141111\\db\/plugins/mcufinder/images/
2022-12-17 17:21:14,544 [INFO] DbExamples:333 - Set plugin images path to: C:\ST\STM32CubeIDE_1.7.0\STM32CubeIDE\plugins\com.st.stm32cube.common.mx_6.3.0.202107141111\\db\/plugins/mcufinder/images/
2022-12-17 17:21:14,544 [WARN] DbFile:35 - Overriding database path with different value: C:\Users\Hong Phat\.stmcufinder\plugins\mcufinder/ => C:\Users\Hong Phat\.stmcufinder\plugins\mcufinder
2022-12-17 17:21:14,544 [INFO] DbMcusAds:119 - Set database path to: C:\Users\Hong Phat\.stmcufinder\plugins\mcufinder//mcu/
2022-12-17 17:21:14,544 [WARN] DbFile:35 - Overriding database path with different value: C:\Users\Hong Phat\.stmcufinder\plugins\mcufinder/ => C:\Users\Hong Phat\.stmcufinder\plugins\mcufinder
2022-12-17 17:21:14,544 [INFO] DbMcusDocs:110 - Set database path to: C:\Users\Hong Phat\.stmcufinder\plugins\mcufinder//mcu/
2022-12-17 17:21:14,545 [WARN] DbFile:35 - Overriding database path with different value: C:\Users\Hong Phat\.stmcufinder\plugins\mcufinder/ => C:\Users\Hong Phat\.stmcufinder\plugins\mcufinder
2022-12-17 17:21:14,545 [INFO] DbMcusJson:64 - Set database path to: C:\Users\Hong Phat\.stmcufinder\plugins\mcufinder//mcu/
2022-12-17 17:21:14,545 [WARN] DbFile:35 - Overriding database path with different value: C:\Users\Hong Phat\.stmcufinder\plugins\mcufinder/ => C:\Users\Hong Phat\.stmcufinder\plugins\mcufinder
2022-12-17 17:21:14,545 [INFO] DbBoardsDocs:110 - Set database path to: C:\Users\Hong Phat\.stmcufinder\plugins\mcufinder//mcu/
2022-12-17 17:21:14,545 [WARN] DbFile:35 - Overriding database path with different value: C:\Users\Hong Phat\.stmcufinder\plugins\mcufinder/ => C:\Users\Hong Phat\.stmcufinder\plugins\mcufinder
2022-12-17 17:21:14,545 [INFO] DbBoardsJson:57 - Set database path to: C:\Users\Hong Phat\.stmcufinder\plugins\mcufinder//mcu/
2022-12-17 17:21:14,545 [WARN] DbFile:35 - Overriding database path with different value: C:\Users\Hong Phat\.stmcufinder\plugins\mcufinder/ => C:\Users\Hong Phat\.stmcufinder\plugins\mcufinder
2022-12-17 17:21:14,545 [WARN] DbFile:35 - Overriding database path with different value: C:\Users\Hong Phat\.stmcufinder\plugins\mcufinder/ => C:\Users\Hong Phat\.stmcufinder\plugins\mcufinder
2022-12-17 17:21:14,552 [INFO] CrossReferenceDbSqlite:196 - Set database path to: C:\Users\Hong Phat\.stmcufinder\plugins\mcufinder//mcu/cs/
2022-12-17 17:21:14,552 [WARN] DbFile:35 - Overriding database path with different value: C:\Users\Hong Phat\.stmcufinder\plugins\mcufinder/ => C:\Users\Hong Phat\.stmcufinder\plugins\mcufinder
2022-12-17 17:21:14,552 [INFO] DbExamplesSqlite:767 - Set database path to: C:\Users\Hong Phat\.stmcufinder\plugins\mcufinder//mcu/
2022-12-17 17:21:14,634 [INFO] MainPanel:214 - HeapMemory: 268435456
2022-12-17 17:21:14,737 [INFO] DbMcusXml:74 - Set database path to: C:\ST\STM32CubeIDE_1.7.0\STM32CubeIDE\plugins\com.st.stm32cube.common.mx_6.3.0.202107141111\\db\/mcu/
2022-12-17 17:21:14,737 [INFO] DbBoardsPdsc:56 - Set plugin database path to: C:\ST\STM32CubeIDE_1.7.0\STM32CubeIDE\plugins\com.st.stm32cube.common.mx_6.3.0.202107141111\\db\/plugins/boardmanager/
2022-12-17 17:21:14,737 [INFO] DbMcus:258 - Set plugin images path to: C:\ST\STM32CubeIDE_1.7.0\STM32CubeIDE\plugins\com.st.stm32cube.common.mx_6.3.0.202107141111\\db\/plugins/mcufinder/images/
2022-12-17 17:21:14,737 [INFO] DbBoards:264 - Set plugin images path to: C:\ST\STM32CubeIDE_1.7.0\STM32CubeIDE\plugins\com.st.stm32cube.common.mx_6.3.0.202107141111\\db\/plugins/mcufinder/images/
2022-12-17 17:21:14,737 [INFO] DbExamples:333 - Set plugin images path to: C:\ST\STM32CubeIDE_1.7.0\STM32CubeIDE\plugins\com.st.stm32cube.common.mx_6.3.0.202107141111\\db\/plugins/mcufinder/images/
2022-12-17 17:21:14,738 [WARN] DbFile:35 - Overriding database path with different value: C:\Users\Hong Phat\.stmcufinder\plugins\mcufinder/ => C:\Users\Hong Phat\.stmcufinder\plugins\mcufinder
2022-12-17 17:21:14,738 [INFO] DbMcusAds:119 - Set database path to: C:\Users\Hong Phat\.stmcufinder\plugins\mcufinder//mcu/
2022-12-17 17:21:14,738 [WARN] DbFile:35 - Overriding database path with different value: C:\Users\Hong Phat\.stmcufinder\plugins\mcufinder/ => C:\Users\Hong Phat\.stmcufinder\plugins\mcufinder
2022-12-17 17:21:14,738 [INFO] DbMcusDocs:110 - Set database path to: C:\Users\Hong Phat\.stmcufinder\plugins\mcufinder//mcu/
2022-12-17 17:21:14,738 [WARN] DbFile:35 - Overriding database path with different value: C:\Users\Hong Phat\.stmcufinder\plugins\mcufinder/ => C:\Users\Hong Phat\.stmcufinder\plugins\mcufinder
2022-12-17 17:21:14,739 [INFO] DbMcusJson:64 - Set database path to: C:\Users\Hong Phat\.stmcufinder\plugins\mcufinder//mcu/
2022-12-17 17:21:14,739 [WARN] DbFile:35 - Overriding database path with different value: C:\Users\Hong Phat\.stmcufinder\plugins\mcufinder/ => C:\Users\Hong Phat\.stmcufinder\plugins\mcufinder
2022-12-17 17:21:14,739 [INFO] DbBoardsDocs:110 - Set database path to: C:\Users\Hong Phat\.stmcufinder\plugins\mcufinder//mcu/
2022-12-17 17:21:14,739 [WARN] DbFile:35 - Overriding database path with different value: C:\Users\Hong Phat\.stmcufinder\plugins\mcufinder/ => C:\Users\Hong Phat\.stmcufinder\plugins\mcufinder
2022-12-17 17:21:14,739 [INFO] DbBoardsJson:57 - Set database path to: C:\Users\Hong Phat\.stmcufinder\plugins\mcufinder//mcu/
2022-12-17 17:21:14,739 [WARN] DbFile:35 - Overriding database path with different value: C:\Users\Hong Phat\.stmcufinder\plugins\mcufinder/ => C:\Users\Hong Phat\.stmcufinder\plugins\mcufinder
2022-12-17 17:21:14,739 [WARN] DbFile:35 - Overriding database path with different value: C:\Users\Hong Phat\.stmcufinder\plugins\mcufinder/ => C:\Users\Hong Phat\.stmcufinder\plugins\mcufinder
2022-12-17 17:21:14,739 [INFO] CrossReferenceDbSqlite:196 - Set database path to: C:\Users\Hong Phat\.stmcufinder\plugins\mcufinder//mcu/cs/
2022-12-17 17:21:14,739 [WARN] DbFile:35 - Overriding database path with different value: C:\Users\Hong Phat\.stmcufinder\plugins\mcufinder/ => C:\Users\Hong Phat\.stmcufinder\plugins\mcufinder
2022-12-17 17:21:14,739 [INFO] DbExamplesSqlite:767 - Set database path to: C:\Users\Hong Phat\.stmcufinder\plugins\mcufinder//mcu/
2022-12-17 17:21:14,768 [INFO] ApplicationProperties:181 - Using Application install path: C:\ST\STM32CubeIDE_1.7.0\STM32CubeIDE\plugins\com.st.stm32cube.common.mx_6.3.0.202107141111
2022-12-17 17:21:14,769 [INFO] PluginManage:188 - Search for loadable plugins [exclusion list=, ]
2022-12-17 17:21:14,771 [INFO] PluginManage:302 - Check plugin analytics
2022-12-17 17:21:19,513 [INFO] AnalyticsPlugin:257 - Accepted Software Licenses: 
2022-12-17 17:21:19,514 [INFO] AnalyticsPlugin:259 - Accepted CMSIS Pack Licenses: 
2022-12-17 17:21:19,514 [INFO] AnalyticsPlugin:261 - Accepted Firmware Licenses: 
2022-12-17 17:21:19,515 [INFO] PluginManage:352 - Loaded plugin analytics (category:tool,tabindex:-1)
2022-12-17 17:21:19,515 [INFO] PluginManage:302 - Check plugin clock
2022-12-17 17:21:19,533 [INFO] PluginManage:352 - Loaded plugin clock (category:base,tabindex:2)
2022-12-17 17:21:19,533 [INFO] PluginManage:302 - Check plugin ddr
2022-12-17 17:21:19,539 [INFO] PluginManage:352 - Loaded plugin ddr (category:tool,tabindex:6)
2022-12-17 17:21:19,539 [INFO] PluginManage:302 - Check plugin filemanager
2022-12-17 17:21:19,687 [INFO] PluginManage:352 - Loaded plugin filemanager (category:base,tabindex:10)
2022-12-17 17:21:19,687 [INFO] PluginManage:302 - Check plugin ipmanager
2022-12-17 17:21:19,700 [INFO] PluginManage:352 - Loaded plugin ipmanager (category:base,tabindex:5)
2022-12-17 17:21:19,701 [INFO] PluginManage:302 - Check plugin pinoutandconfiguration
2022-12-17 17:21:19,713 [INFO] PluginManage:352 - Loaded plugin pinoutandconfiguration (category:base,tabindex:1)
2022-12-17 17:21:19,713 [INFO] PluginManage:302 - Check plugin pinoutconfig
2022-12-17 17:21:19,743 [INFO] PluginManage:352 - Loaded plugin pinoutconfig (category:base,tabindex:0)
2022-12-17 17:21:19,743 [INFO] PluginManage:302 - Check plugin power
2022-12-17 17:21:19,757 [INFO] PluginManage:352 - Loaded plugin power (category:power,tabindex:4)
2022-12-17 17:21:19,757 [INFO] PluginManage:302 - Check plugin projectmanager
2022-12-17 17:21:19,775 [INFO] PluginManage:352 - Loaded plugin projectmanager (category:projectmanager,tabindex:3)
2022-12-17 17:21:19,775 [INFO] PluginManage:302 - Check plugin thirdparty
2022-12-17 17:21:19,915 [WARN] IntegrityCheckThread:78 - waiting for thirdparty lock release [integrity check]
2022-12-17 17:21:19,916 [INFO] IntegrityCheckThread:80 - entering critical section [integrity check]
2022-12-17 17:21:19,916 [INFO] PluginManage:352 - Loaded plugin thirdparty (category:base,tabindex:-1)
2022-12-17 17:21:19,916 [INFO] ThirdPartyUpdaterWithRetryManager:66 - Updater plugin not ready yet. [1/15]
2022-12-17 17:21:19,916 [INFO] PluginManage:302 - Check plugin tools
2022-12-17 17:21:19,920 [INFO] PluginManage:352 - Loaded plugin tools (category:base,tabindex:7)
2022-12-17 17:21:19,920 [INFO] PluginManage:302 - Check plugin tutovideos
2022-12-17 17:21:20,155 [INFO] PluginManage:352 - Loaded plugin tutovideos (category:base,tabindex:-1)
2022-12-17 17:21:20,155 [INFO] PluginManage:302 - Check plugin updater
2022-12-17 17:21:20,170 [INFO] PluginManage:352 - Loaded plugin updater (category:base,tabindex:12)
2022-12-17 17:21:20,170 [INFO] PluginManage:275 - PluginManage : Loaded plugins [13]
2022-12-17 17:21:20,459 [INFO] PinOutPanel:1463 - setPackage(No Configuration,No Configuration)
2022-12-17 17:21:20,569 [INFO] IPUIPlugin:74 - create IPUIPlugin
2022-12-17 17:21:20,569 [INFO] PluginManager:213 - loadIPPluginJar : add adc
2022-12-17 17:21:20,572 [INFO] IPUIPlugin:74 - create IPUIPlugin
2022-12-17 17:21:20,573 [INFO] PluginManager:213 - loadIPPluginJar : add aes
2022-12-17 17:21:20,578 [INFO] IPUIPlugin:74 - create IPUIPlugin
2022-12-17 17:21:20,578 [INFO] PluginManager:213 - loadIPPluginJar : add can
2022-12-17 17:21:20,582 [INFO] IPUIPlugin:74 - create IPUIPlugin
2022-12-17 17:21:20,583 [INFO] PluginManager:213 - loadIPPluginJar : add comp
2022-12-17 17:21:20,587 [INFO] IPUIPlugin:74 - create IPUIPlugin
2022-12-17 17:21:20,587 [INFO] PluginManager:213 - loadIPPluginJar : add cryp
2022-12-17 17:21:20,591 [INFO] IPUIPlugin:74 - create IPUIPlugin
2022-12-17 17:21:20,591 [INFO] PluginManager:213 - loadIPPluginJar : add dfsdm
2022-12-17 17:21:20,598 [INFO] IPUIPlugin:74 - create IPUIPlugin
2022-12-17 17:21:20,599 [INFO] PluginManager:213 - loadIPPluginJar : add dma
2022-12-17 17:21:20,602 [INFO] IPUIPlugin:74 - create IPUIPlugin
2022-12-17 17:21:20,602 [INFO] PluginManager:213 - loadIPPluginJar : add dma3
2022-12-17 17:21:20,604 [INFO] IPUIPlugin:74 - create IPUIPlugin
2022-12-17 17:21:20,604 [INFO] PluginManager:213 - loadIPPluginJar : add fatfs
2022-12-17 17:21:20,610 [INFO] IPUIPlugin:74 - create IPUIPlugin
2022-12-17 17:21:20,610 [INFO] PluginManager:213 - loadIPPluginJar : add fmc
2022-12-17 17:21:20,618 [INFO] IPUIPlugin:74 - create IPUIPlugin
2022-12-17 17:21:20,619 [INFO] PluginManager:213 - loadIPPluginJar : add freertos
2022-12-17 17:21:20,621 [INFO] IPUIPlugin:74 - create IPUIPlugin
2022-12-17 17:21:20,621 [INFO] PluginManager:213 - loadIPPluginJar : add genericplugin
2022-12-17 17:21:20,624 [INFO] IPUIPlugin:74 - create IPUIPlugin
2022-12-17 17:21:20,624 [INFO] PluginManager:213 - loadIPPluginJar : add gfxmmu
2022-12-17 17:21:20,630 [INFO] IPUIPlugin:74 - create IPUIPlugin
2022-12-17 17:21:20,631 [INFO] PluginManager:213 - loadIPPluginJar : add gic
2022-12-17 17:21:20,635 [INFO] IPUIPlugin:74 - create IPUIPlugin
2022-12-17 17:21:20,635 [INFO] PluginManager:213 - loadIPPluginJar : add gpio
2022-12-17 17:21:20,639 [INFO] IPUIPlugin:74 - create IPUIPlugin
2022-12-17 17:21:20,639 [INFO] PluginManager:213 - loadIPPluginJar : add gtzc
2022-12-17 17:21:20,642 [INFO] IPUIPlugin:74 - create IPUIPlugin
2022-12-17 17:21:20,642 [INFO] PluginManager:213 - loadIPPluginJar : add hash
2022-12-17 17:21:20,645 [INFO] IPUIPlugin:74 - create IPUIPlugin
2022-12-17 17:21:20,646 [INFO] PluginManager:213 - loadIPPluginJar : add i2c
2022-12-17 17:21:20,649 [INFO] IPUIPlugin:74 - create IPUIPlugin
2022-12-17 17:21:20,649 [INFO] PluginManager:213 - loadIPPluginJar : add i2s
2022-12-17 17:21:20,653 [INFO] IPUIPlugin:74 - create IPUIPlugin
2022-12-17 17:21:20,653 [INFO] PluginManager:213 - loadIPPluginJar : add ipddr
2022-12-17 17:21:20,660 [INFO] IPUIPlugin:74 - create IPUIPlugin
2022-12-17 17:21:20,661 [INFO] PluginManager:213 - loadIPPluginJar : add linkedlist
2022-12-17 17:21:20,664 [INFO] IPUIPlugin:74 - create IPUIPlugin
2022-12-17 17:21:20,665 [INFO] PluginManager:213 - loadIPPluginJar : add lorawan
2022-12-17 17:21:20,667 [INFO] IPUIPlugin:74 - create IPUIPlugin
2022-12-17 17:21:20,667 [INFO] PluginManager:213 - loadIPPluginJar : add ltdc
2022-12-17 17:21:20,672 [INFO] IPUIPlugin:74 - create IPUIPlugin
2022-12-17 17:21:20,672 [INFO] PluginManager:213 - loadIPPluginJar : add mdma
2022-12-17 17:21:20,676 [INFO] IPUIPlugin:74 - create IPUIPlugin
2022-12-17 17:21:20,676 [INFO] PluginManager:213 - loadIPPluginJar : add nvic
2022-12-17 17:21:20,680 [INFO] IPUIPlugin:74 - create IPUIPlugin
2022-12-17 17:21:20,680 [INFO] PluginManager:213 - loadIPPluginJar : add opamp
2022-12-17 17:21:20,684 [INFO] IPUIPlugin:74 - create IPUIPlugin
2022-12-17 17:21:20,684 [INFO] PluginManager:213 - loadIPPluginJar : add openamp
2022-12-17 17:21:20,688 [INFO] IPUIPlugin:74 - create IPUIPlugin
2022-12-17 17:21:20,688 [INFO] PluginManager:213 - loadIPPluginJar : add pdm2pcm
2022-12-17 17:21:20,696 [INFO] IPUIPlugin:74 - create IPUIPlugin
2022-12-17 17:21:20,698 [INFO] PluginManager:213 - loadIPPluginJar : add plateformsettings
2022-12-17 17:21:20,701 [INFO] IPUIPlugin:74 - create IPUIPlugin
2022-12-17 17:21:20,701 [INFO] PluginManager:213 - loadIPPluginJar : add quadspi
2022-12-17 17:21:20,706 [INFO] IPUIPlugin:74 - create IPUIPlugin
2022-12-17 17:21:20,706 [INFO] PluginManager:213 - loadIPPluginJar : add resmgrutility
2022-12-17 17:21:20,710 [INFO] IPUIPlugin:74 - create IPUIPlugin
2022-12-17 17:21:20,710 [INFO] PluginManager:213 - loadIPPluginJar : add sai
2022-12-17 17:21:20,713 [INFO] IPUIPlugin:74 - create IPUIPlugin
2022-12-17 17:21:20,714 [INFO] PluginManager:213 - loadIPPluginJar : add spi
2022-12-17 17:21:20,719 [INFO] IPUIPlugin:74 - create IPUIPlugin
2022-12-17 17:21:20,719 [INFO] PluginManager:213 - loadIPPluginJar : add stm32_wpan
2022-12-17 17:21:20,721 [INFO] IPUIPlugin:74 - create IPUIPlugin
2022-12-17 17:21:20,721 [INFO] PluginManager:213 - loadIPPluginJar : add tim
2022-12-17 17:21:20,725 [INFO] IPUIPlugin:74 - create IPUIPlugin
2022-12-17 17:21:20,726 [INFO] PluginManager:213 - loadIPPluginJar : add touchsensing
2022-12-17 17:21:20,728 [INFO] IPUIPlugin:74 - create IPUIPlugin
2022-12-17 17:21:20,729 [INFO] PluginManager:213 - loadIPPluginJar : add tracer_emb
2022-12-17 17:21:20,731 [INFO] IPUIPlugin:74 - create IPUIPlugin
2022-12-17 17:21:20,732 [INFO] PluginManager:213 - loadIPPluginJar : add ts
2022-12-17 17:21:20,734 [INFO] IPUIPlugin:74 - create IPUIPlugin
2022-12-17 17:21:20,734 [INFO] PluginManager:213 - loadIPPluginJar : add tsc
2022-12-17 17:21:20,736 [INFO] IPUIPlugin:74 - create IPUIPlugin
2022-12-17 17:21:20,737 [INFO] PluginManager:213 - loadIPPluginJar : add ucpd
2022-12-17 17:21:20,740 [INFO] IPUIPlugin:74 - create IPUIPlugin
2022-12-17 17:21:20,740 [INFO] PluginManager:213 - loadIPPluginJar : add usart
2022-12-17 17:21:20,743 [INFO] IPUIPlugin:74 - create IPUIPlugin
2022-12-17 17:21:20,743 [INFO] PluginManager:213 - loadIPPluginJar : add usbx
2022-12-17 17:21:21,134 [FATAL] Updater:294 - Updater called before beeing initialized
2022-12-17 17:21:21,334 [FATAL] Updater:294 - Updater called before beeing initialized
2022-12-17 17:21:21,339 [INFO] DbMcusAds:47 - JSON generation date=Thu Sep 30 13:55:09 ICT 2021 (1632984909377)
2022-12-17 17:21:21,339 [FATAL] Updater:294 - Updater called before beeing initialized
2022-12-17 17:21:21,382 [WARN] DetailPanel:314 - Failed to get advertising image, set to default
2022-12-17 17:21:21,496 [FATAL] Updater:294 - Updater called before beeing initialized
2022-12-17 17:21:21,499 [FATAL] Updater:294 - Updater called before beeing initialized
2022-12-17 17:21:21,499 [FATAL] Updater:294 - Updater called before beeing initialized
2022-12-17 17:21:21,499 [WARN] DetailPanel:314 - Failed to get advertising image, set to default
2022-12-17 17:21:21,500 [FATAL] Updater:294 - Updater called before beeing initialized
2022-12-17 17:21:21,561 [ERROR] Updater:1075 - MainUpdater not yet initialized. External WinMGr cannot be set.
2022-12-17 17:21:21,564 [INFO] Updater:1012 - Updater Version found : 6.3.0
2022-12-17 17:21:21,588 [INFO] ApplicationProperties:181 - Using Application install path: C:\ST\STM32CubeIDE_1.7.0\STM32CubeIDE\plugins\com.st.stm32cube.common.mx_6.3.0.202107141111
2022-12-17 17:21:21,872 [INFO] MainUpdater:2671 - connection check result : 10
2022-12-17 17:21:21,873 [INFO] MainUpdater:265 - Updater Check For Update Now.
2022-12-17 17:21:21,873 [INFO] MicroXplorer:478 - Change Database Version : DB.6.0.30
2022-12-17 17:21:22,031 [INFO] CheckServerUpdateThread:112 - End of CheckServer Thread
2022-12-17 17:21:22,099 [INFO] MainUpdater:2671 - connection check result : 10
2022-12-17 17:21:22,378 [INFO] McuFinderGlobals:52 - Set McuFinderConnectedMode to false
2022-12-17 17:21:22,510 [INFO] CrossSelectorPresenter:1330 - Cross Selector saved comparison directory: C:\Users\Hong Phat\.stmcufinder\plugins\mcufinder\mcu\cs_comparisons_mx
2022-12-17 17:21:22,519 [INFO] MultiScanPanel:197 - Auto-refresh data requested => check proxy status ongoing
2022-12-17 17:21:22,519 [INFO] MultiScanPanel:201 - Proxy status is invalid
2022-12-17 17:21:22,525 [INFO] FinderPluginLoader:87 - Searching for filters in installed packs
2022-12-17 17:21:22,528 [INFO] DbMcusXml:100 - Load MCU database from C:\ST\STM32CubeIDE_1.7.0\STM32CubeIDE\plugins\com.st.stm32cube.common.mx_6.3.0.202107141111\\db\/mcu/families.xml
2022-12-17 17:21:23,241 [WARN] PackLoader:238 - Cannot read IP mode file for STMicroelectronics.X-CUBE-GNSS1.6.0.0
2022-12-17 17:21:23,294 [WARN] PackLoader:238 - Cannot read IP mode file for STMicroelectronics.X-CUBE-AZRTOS-F4.1.1.0
2022-12-17 17:21:23,351 [WARN] PackLoader:238 - Cannot read IP mode file for STMicroelectronics.X-CUBE-BLEMGR.1.2.0
2022-12-17 17:21:23,375 [WARN] PackLoader:238 - Cannot read IP mode file for STMicroelectronics.X-CUBE-AZRTOS-F7.1.1.0
2022-12-17 17:21:23,403 [WARN] PackLoader:238 - Cannot read IP mode file for STMicroelectronics.X-CUBE-BLE1.6.2.3
2022-12-17 17:21:23,409 [WARN] PackLoader:238 - Cannot read IP mode file for STMicroelectronics.X-CUBE-BLE1.6.2.4
2022-12-17 17:21:23,420 [WARN] PackLoader:238 - Cannot read IP mode file for STMicroelectronics.X-CUBE-NFC4.2.0.5
2022-12-17 17:21:23,424 [INFO] DbMcusJson:93 - JSON generation date=Tue Nov 16 23:17:54 ICT 2021 (1637079474)
2022-12-17 17:21:23,438 [WARN] PackLoader:238 - Cannot read IP mode file for STMicroelectronics.X-CUBE-NFC4.2.0.4
2022-12-17 17:21:23,465 [WARN] PackLoader:238 - Cannot read IP mode file for STMicroelectronics.X-CUBE-TOF1.3.1.0
2022-12-17 17:21:23,485 [WARN] PackLoader:238 - Cannot read IP mode file for STMicroelectronics.X-CUBE-NFC7.1.0.0
2022-12-17 17:21:23,582 [WARN] PackLoader:238 - Cannot read IP mode file for STMicroelectronics.X-CUBE-MEMS1.9.3.0
2022-12-17 17:21:23,814 [WARN] PackLoader:238 - Cannot read IP mode file for STMicroelectronics.X-CUBE-AI.7.2.0
2022-12-17 17:21:23,824 [WARN] PackLoader:238 - Cannot read IP mode file for STMicroelectronics.X-CUBE-SFXS2LP1.4.0.0
2022-12-17 17:21:23,843 [WARN] PackLoader:238 - Cannot read IP mode file for STMicroelectronics.X-CUBE-BLE2.3.3.0
2022-12-17 17:21:23,857 [WARN] PackLoader:238 - Cannot read IP mode file for STMicroelectronics.X-CUBE-DISPLAY.2.2.0
2022-12-17 17:21:23,874 [WARN] PackLoader:238 - Cannot read IP mode file for STMicroelectronics.X-CUBE-TOF1.3.2.0
2022-12-17 17:21:23,893 [WARN] PackLoader:238 - Cannot read IP mode file for STMicroelectronics.X-CUBE-ISPU.1.0.0
2022-12-17 17:21:23,902 [WARN] PackLoader:238 - Cannot read IP mode file for STMicroelectronics.X-CUBE-ISPU.1.1.0
2022-12-17 17:21:23,921 [WARN] PackLoader:238 - Cannot read IP mode file for RoweBots.I-CUBE-UNISONRTOS.5.5.0-4
2022-12-17 17:21:23,941 [WARN] PackLoader:238 - Cannot read IP mode file for STMicroelectronics.X-CUBE-AZRTOS-H7.2.1.0
2022-12-17 17:21:23,954 [WARN] PackLoader:238 - Cannot read IP mode file for wolfSSL.I-CUBE-wolfSSL.5.4.0
2022-12-17 17:21:23,961 [WARN] PackLoader:238 - Cannot read IP mode file for STMicroelectronics.X-CUBE-BLEMGR.1.0.0
2022-12-17 17:21:24,027 [WARN] PackLoader:238 - Cannot read IP mode file for STMicroelectronics.X-CUBE-MEMS1.9.4.0
2022-12-17 17:21:24,299 [WARN] PackLoader:238 - Cannot read IP mode file for STMicroelectronics.X-CUBE-AI.7.3.0
2022-12-17 17:21:24,313 [WARN] PackLoader:238 - Cannot read IP mode file for STMicroelectronics.X-CUBE-ALGOBUILD.1.3.0
2022-12-17 17:21:24,362 [WARN] PackLoader:238 - Cannot read IP mode file for STMicroelectronics.X-CUBE-AZRTOS-L5.1.1.0
2022-12-17 17:21:24,384 [INFO] DbMcus:175 - Found 1951 MCUs (1903 are supported by CubeMX, 1914 are visible in CubeMX)
2022-12-17 17:21:24,385 [INFO] ApiDb:251 - Load user favorites file C:\Users\Hong Phat/.stm32cubeide/favorites.mcus.txt: 0 item(s)
2022-12-17 17:21:24,385 [INFO] ApiDb:255 - User favorites MCUs=[]
2022-12-17 17:21:24,385 [INFO] DbMcus:187 - Set 0 / 0 favorites MCUs
2022-12-17 17:21:24,435 [WARN] PackLoader:238 - Cannot read IP mode file for STMicroelectronics.X-CUBE-AZRTOS-G0.1.1.0
2022-12-17 17:21:24,461 [WARN] PackLoader:238 - Cannot read IP mode file for STMicroelectronics.X-CUBE-SUBG2.5.0.0
2022-12-17 17:21:24,543 [WARN] PackLoader:238 - Cannot read IP mode file for SEGGER.I-CUBE-embOS.1.2.0
2022-12-17 17:21:24,580 [WARN] PackLoader:238 - Cannot read IP mode file for STMicroelectronics.FP-ATR-ASTRA1.1.1.1
2022-12-17 17:21:24,583 [WARN] PackLoader:238 - Cannot read IP mode file for STMicroelectronics.FP-ATR-ASTRA1.1.1.0
2022-12-17 17:21:24,590 [WARN] PackLoader:238 - Cannot read IP mode file for STMicroelectronics.X-CUBE-BLEMGR.1.3.0
2022-12-17 17:21:24,606 [WARN] PackLoader:238 - Cannot read IP mode file for STMicroelectronics.X-CUBE-AZRTOS-G4.1.0.0
2022-12-17 17:21:24,612 [WARN] PackLoader:238 - Cannot read IP mode file for STMicroelectronics.FP-ATR-SIGFOX1.3.2.0
2022-12-17 17:21:24,629 [WARN] PackLoader:238 - Cannot read IP mode file for STMicroelectronics.X-CUBE-AZRTOS-L4.1.0.0
2022-12-17 17:21:24,638 [WARN] PackLoader:238 - Cannot read IP mode file for emotas.I-CUBE-CANOPEN.1.1.2
2022-12-17 17:21:24,643 [WARN] PackLoader:238 - Cannot read IP mode file for STMicroelectronics.X-CUBE-TOUCHGFX.4.20.0
2022-12-17 17:21:24,654 [WARN] PackLoader:238 - Cannot read IP mode file for STMicroelectronics.X-CUBE-AZRTOS-WL.1.0.0
2022-12-17 17:21:24,662 [WARN] PackLoader:238 - Cannot read IP mode file for portGmbH.I-Cube-SoM-uGOAL.1.1.0
2022-12-17 17:21:24,667 [WARN] PackLoader:238 - Cannot read IP mode file for STMicroelectronics.X-CUBE-ALS.1.0.1
2022-12-17 17:21:24,707 [WARN] PackLoader:238 - Cannot read IP mode file for STMicroelectronics.X-CUBE-AZRTOS-WB.1.1.0
2022-12-17 17:21:24,724 [WARN] PackLoader:238 - Cannot read IP mode file for STMicroelectronics.X-CUBE-AZRTOS-L5.1.0.0
2022-12-17 17:21:24,731 [WARN] PackLoader:238 - Cannot read IP mode file for STMicroelectronics.X-CUBE-EEPRMA1.3.1.1
2022-12-17 17:21:24,732 [INFO] ThirdParty:915 - Integrity check success = true
2022-12-17 17:21:24,732 [INFO] IntegrityCheckThread:94 - exiting critical section [integrity check]
2022-12-17 17:21:24,732 [INFO] IntegrityCheckThread:97 - End integrity checks thread
2022-12-17 17:21:24,985 [INFO] DetailPanel:309 - Set advertising image to C:/Users/Hong Phat/STM32Cube/Repository/\en.Prom_NBSTM32U50921.jpg
2022-12-17 17:21:25,465 [INFO] DbBoardsPdsc:90 - Found 25 items
2022-12-17 17:21:25,468 [INFO] DbBoardsPdsc:90 - Found 9 items
2022-12-17 17:21:25,473 [INFO] DbBoardsPdsc:90 - Found 33 items
2022-12-17 17:21:25,475 [INFO] DbBoardsPdsc:90 - Found 1 items
2022-12-17 17:21:25,482 [INFO] DbBoardsPdsc:90 - Found 48 items
2022-12-17 17:21:25,489 [INFO] DbBoardsPdsc:90 - Found 43 items
2022-12-17 17:21:25,490 [INFO] DbBoardsPdsc:90 - Found 2 items
2022-12-17 17:21:25,492 [INFO] DbBoardsPdsc:90 - Found 5 items
2022-12-17 17:21:25,498 [WARN] DbBoardsPdsc:254 - Board STM32H7B3I-DK: unknown feature type=Audio, name=, username=Audio stereo codec with Headphone Amp (CS42L51-CNZ), n=1
2022-12-17 17:21:25,498 [WARN] DbBoardsPdsc:254 - Board STM32H735G-DK: unknown feature type=Audio, name=, username=Audio stereo codec with Headphone Amp (WM8994ECS/R), n=1
2022-12-17 17:21:25,499 [WARN] DbBoardsPdsc:254 - Board STM32H7B3I-EVAL: unknown feature type=Audio, name=, username=Multi-Channel Audio Codec (CS42L51-CNZ), n=1
2022-12-17 17:21:25,499 [WARN] DbBoardsPdsc:254 - Board STM32H7B3I-EVAL: unknown feature type=Meter, name=, username=Power-metering and Temperature-monitoring with sigma-delta modulators, n=1
2022-12-17 17:21:25,499 [WARN] DbBoardsPdsc:254 - Board STM32H7B3I-EVAL: unknown feature type=Motor, name=, username=Motor Control, n=1
2022-12-17 17:21:25,500 [WARN] DbBoardsPdsc:254 - Board STM32U575I-EV: unknown feature type=joystick, name=, username=4-direction joystick with selection button, n=1
2022-12-17 17:21:25,517 [INFO] DbBoardsJson:86 - JSON generation date=Tue Nov 16 23:17:54 ICT 2021 (1637079474)
2022-12-17 17:21:25,522 [INFO] DbBoards:117 - Found 167 boards (163 are supported by CubeMX)
2022-12-17 17:21:25,525 [INFO] DbBoardsDocs:143 - JSON generation date=Tue Nov 16 23:17:54 ICT 2021 (1637079474)
2022-12-17 17:21:25,528 [INFO] DbBoardsDocs:79 - Found 209 boards documents
2022-12-17 17:21:25,529 [WARN] DbBoards:127 - board B-L475E-IOT01A2 has no document id list !
2022-12-17 17:21:25,529 [WARN] DbBoards:127 - board NUCLEO-H743ZI has no document id list !
2022-12-17 17:21:25,530 [WARN] DbBoards:127 - board NUCLEO-WL55JC2 has no document id list !
2022-12-17 17:21:25,530 [WARN] DbBoards:127 - board P-NUCLEO-WB55-Nucleo has no document id list !
2022-12-17 17:21:25,530 [WARN] DbBoards:127 - board P-NUCLEO-WB55-USBDongle has no document id list !
2022-12-17 17:21:25,530 [WARN] DbBoards:127 - board STEVAL-BFA001V1B has no document id list !
2022-12-17 17:21:25,530 [WARN] DbBoards:127 - board STEVAL-BFA001V2B has no document id list !
2022-12-17 17:21:25,530 [WARN] DbBoards:127 - board STEVAL-IDP005V1 has no document id list !
2022-12-17 17:21:25,530 [WARN] DbBoards:127 - board STEVAL-IDP005V2 has no document id list !
2022-12-17 17:21:25,530 [WARN] DbBoards:127 - board STEVAL-MKSBOX1V1 has no document id list !
2022-12-17 17:21:25,530 [WARN] DbBoards:127 - board STEVAL-STWINKT1 has no document id list !
2022-12-17 17:21:25,530 [WARN] DbBoards:127 - board STEVAL-STWINKT1B has no document id list !
2022-12-17 17:21:25,531 [WARN] DbBoards:127 - board STM32439I-EVAL2 has no document id list !
2022-12-17 17:21:25,531 [WARN] DbBoards:127 - board STM32F401C-DISCO has no document id list !
2022-12-17 17:21:25,531 [WARN] DbBoards:127 - board STM32F769I-DISC1 has no document id list !
2022-12-17 17:21:25,531 [WARN] DbBoards:127 - board STM32G474E-EVAL1 has no document id list !
2022-12-17 17:21:25,531 [WARN] DbBoards:127 - board STM32H743I-EVAL2 has no document id list !
2022-12-17 17:21:25,532 [WARN] DbBoards:127 - board STM32H747I-DISC1 has no document id list !
2022-12-17 17:21:25,532 [WARN] DbBoards:127 - board STM32H753I-EVAL2 has no document id list !
2022-12-17 17:21:25,532 [WARN] DbBoards:127 - board STM32L-DISCOVERY has no document id list !
2022-12-17 17:21:25,688 [ERROR] DbBoards:189 - Image file not found for board B-U585I-IOT02A: C:\ST\STM32CubeIDE_1.7.0\STM32CubeIDE\plugins\com.st.stm32cube.common.mx_6.3.0.202107141111\\db\/plugins/mcufinder/images/boards/B-U585I-IOT02A_small.jpg
2022-12-17 17:21:25,801 [ERROR] DbBoards:189 - Image file not found for board NUCLEO-F413ZH: C:\ST\STM32CubeIDE_1.7.0\STM32CubeIDE\plugins\com.st.stm32cube.common.mx_6.3.0.202107141111\\db\/plugins/mcufinder/images/boards/nucleo-f413zh_small.jpg
2022-12-17 17:21:26,000 [ERROR] DbBoards:189 - Image file not found for board NUCLEO-L552ZE-Q: C:\ST\STM32CubeIDE_1.7.0\STM32CubeIDE\plugins\com.st.stm32cube.common.mx_6.3.0.202107141111\\db\/plugins/mcufinder/images/boards/nucleo_l552ze_q_small.jpg
2022-12-17 17:21:26,007 [ERROR] DbBoards:189 - Image file not found for board NUCLEO-U575ZI-Q: C:\ST\STM32CubeIDE_1.7.0\STM32CubeIDE\plugins\com.st.stm32cube.common.mx_6.3.0.202107141111\\db\/plugins/mcufinder/images/boards/nucleo-u575zi-q_small.jpg
2022-12-17 17:21:26,008 [ERROR] DbBoards:189 - Image file not found for board NUCLEO-WB15CC: C:\ST\STM32CubeIDE_1.7.0\STM32CubeIDE\plugins\com.st.stm32cube.common.mx_6.3.0.202107141111\\db\/plugins/mcufinder/images/boards/nucleo-wb15cc_small.jpg
2022-12-17 17:21:26,008 [ERROR] DbBoards:189 - Image file not found for board NUCLEO-WB55RG: C:\ST\STM32CubeIDE_1.7.0\STM32CubeIDE\plugins\com.st.stm32cube.common.mx_6.3.0.202107141111\\db\/plugins/mcufinder/images/boards/nucleo-wb55rg_small.jpg
2022-12-17 17:21:27,147 [INFO] ApiDb:251 - Load user favorites file C:\Users\Hong Phat/.stm32cubeide/favorites.boards.txt: 0 item(s)
2022-12-17 17:21:27,147 [INFO] ApiDb:255 - User favorites Boards=[]
2022-12-17 17:21:27,147 [INFO] DbBoards:206 - Set 0 / 0 favorites Boards
2022-12-17 17:22:07,618 [INFO] MainUpdater:2671 - connection check result : 10
2022-12-17 17:22:07,619 [INFO] MainUpdater:2671 - connection check result : 10
2022-12-17 17:22:07,669 [INFO] MicroXplorer:448 - Change Database Path : 
2022-12-17 17:22:07,669 [INFO] MicroXplorer:478 - Change Database Version : DB.6.0.30
2022-12-17 17:22:07,670 [WARN] ThirdParty:813 - waiting for thirdparty lock release [close project]
2022-12-17 17:22:07,670 [INFO] ThirdParty:815 - entering critical section [close project]
2022-12-17 17:22:07,671 [INFO] ThirdParty:825 - exiting critical section [close project]
2022-12-17 17:22:07,679 [INFO] PinOutPanel:1463 - setPackage(No Configuration,No Configuration)
2022-12-17 17:22:07,680 [INFO] UtilMem:74 - Begin LoadConfig() Used Memory: 381677472 Bytes (700448768)
2022-12-17 17:22:07,682 [INFO] MicroXplorer:448 - Change Database Path : 
2022-12-17 17:22:07,682 [INFO] MicroXplorer:478 - Change Database Version : DB.6.0.30
2022-12-17 17:22:07,682 [INFO] OpenFileManager:313 - Change cursor
2022-12-17 17:22:08,665 [INFO] Context:592 - Trying to add GPIOservice into a context  which must be forbidden
2022-12-17 17:22:08,898 [WARN] ApiManager:304 - Cannot register API 'Board Extension:GNSS1A1' from pack STMicroelectronics.X-CUBE-GNSS1.6.0.0: no header file found
2022-12-17 17:22:08,898 [WARN] ApiManager:304 - Cannot register API 'Board Support:Custom' from pack STMicroelectronics.X-CUBE-GNSS1.6.0.0: no header file found
2022-12-17 17:22:08,898 [WARN] ApiManager:304 - Cannot register API 'Data Exchange:lib_gnss' from pack STMicroelectronics.X-CUBE-GNSS1.6.0.0: no header file found
2022-12-17 17:22:09,072 [WARN] ApiManager:304 - Cannot register API 'Board Extension:IKS01A3' from pack STMicroelectronics.X-CUBE-MEMS1.9.4.0: no header file found
2022-12-17 17:22:09,072 [WARN] ApiManager:304 - Cannot register API 'Board Extension:IKS01A2' from pack STMicroelectronics.X-CUBE-MEMS1.9.4.0: no header file found
2022-12-17 17:22:09,072 [WARN] ApiManager:304 - Cannot register API 'Board Extension:IKS02A1' from pack STMicroelectronics.X-CUBE-MEMS1.9.4.0: no header file found
2022-12-17 17:22:09,083 [WARN] ApiManager:304 - Cannot register API 'Wireless:BlueNRG-MS' from pack STMicroelectronics.X-CUBE-BLE1.6.2.3: no header file found
2022-12-17 17:22:09,084 [WARN] ApiManager:304 - Cannot register API 'Wireless:BlueNRG-MS' from pack STMicroelectronics.X-CUBE-BLE1.6.2.4: no header file found
2022-12-17 17:22:09,086 [INFO] RtosManager:484 - Registered RTOS mode: class=CMSIS, group=RTOS, mode=CMSIS_V1, owner=FREERTOS
2022-12-17 17:22:09,087 [INFO] RtosManager:484 - Registered RTOS mode: class=CMSIS, group=RTOS2, mode=CMSIS_V2, owner=FREERTOS
2022-12-17 17:22:09,087 [INFO] RtosManager:484 - Registered RTOS mode: class=RTOS, group=Core, mode=CMSIS_V1, owner=FREERTOS
2022-12-17 17:22:09,087 [INFO] RtosManager:484 - Registered RTOS mode: class=RTOS, group=Core, mode=CMSIS_V2, owner=FREERTOS
2022-12-17 17:22:09,087 [WARN] ModelIntegratedComponent:181 - Missing modes for component STMicroelectronics:FreeRTOS:0.0.1:STMicroelectronics:RTOS:FreeRTOS:Core:::10.2.0:
2022-12-17 17:22:09,091 [WARN] ApiManager:304 - Cannot register API 'Board Extension:S2868A1' from pack STMicroelectronics.X-CUBE-SUBG2.5.0.0: no header file found
2022-12-17 17:22:09,092 [WARN] ApiManager:304 - Cannot register API 'Board Extension:S2868A2' from pack STMicroelectronics.X-CUBE-SUBG2.5.0.0: no header file found
2022-12-17 17:22:09,092 [WARN] ApiManager:304 - Cannot register API 'Board Extension:S2915A1' from pack STMicroelectronics.X-CUBE-SUBG2.5.0.0: no header file found
2022-12-17 17:22:09,096 [WARN] ApiManager:304 - Cannot register API 'Board Extension:NFC04A1' from pack STMicroelectronics.X-CUBE-NFC4.2.0.5: no header file found
2022-12-17 17:22:09,096 [WARN] ApiManager:304 - Cannot register API 'Board Extension:NFC04A1' from pack STMicroelectronics.X-CUBE-NFC4.2.0.4: no header file found
2022-12-17 17:22:09,103 [WARN] ModelIntegratedComponent:60 - No mode defined for component null
2022-12-17 17:22:09,103 [WARN] ModelIntegratedComponent:60 - No mode defined for component null
2022-12-17 17:22:09,104 [WARN] ModelIntegratedComponent:60 - No mode defined for component null
2022-12-17 17:22:09,104 [WARN] ModelIntegratedComponent:60 - No mode defined for component null
2022-12-17 17:22:09,104 [WARN] ModelIntegratedComponent:60 - No mode defined for component null
2022-12-17 17:22:09,104 [WARN] ModelIntegratedComponent:60 - No mode defined for component null
2022-12-17 17:22:09,104 [WARN] ModelIntegratedComponent:60 - No mode defined for component null
2022-12-17 17:22:09,104 [WARN] ModelIntegratedComponent:60 - No mode defined for component null
2022-12-17 17:22:09,104 [WARN] ModelIntegratedComponent:60 - No mode defined for component null
2022-12-17 17:22:09,104 [WARN] ModelIntegratedComponent:60 - No mode defined for component null
2022-12-17 17:22:09,104 [WARN] ModelIntegratedComponent:60 - No mode defined for component null
2022-12-17 17:22:09,104 [WARN] ModelIntegratedComponent:60 - No mode defined for component null
2022-12-17 17:22:09,104 [WARN] ModelIntegratedComponent:60 - No mode defined for component null
2022-12-17 17:22:09,105 [WARN] ModelIntegratedComponent:60 - No mode defined for component null
2022-12-17 17:22:09,105 [WARN] ModelIntegratedComponent:60 - No mode defined for component null
2022-12-17 17:22:09,105 [WARN] ModelIntegratedComponent:60 - No mode defined for component null
2022-12-17 17:22:09,105 [WARN] ModelIntegratedComponent:60 - No mode defined for component null
2022-12-17 17:22:09,105 [WARN] ModelIntegratedComponent:60 - No mode defined for component null
2022-12-17 17:22:09,105 [WARN] ModelIntegratedComponent:60 - No mode defined for component null
2022-12-17 17:22:09,105 [WARN] ModelIntegratedComponent:60 - No mode defined for component null
2022-12-17 17:22:09,105 [WARN] ModelIntegratedComponent:60 - No mode defined for component null
2022-12-17 17:22:09,105 [WARN] ModelIntegratedComponent:60 - No mode defined for component null
2022-12-17 17:22:09,105 [WARN] ModelIntegratedComponent:60 - No mode defined for component null
2022-12-17 17:22:09,105 [WARN] ModelIntegratedComponent:60 - No mode defined for component null
2022-12-17 17:22:09,105 [WARN] ModelIntegratedComponent:60 - No mode defined for component null
2022-12-17 17:22:09,105 [WARN] ModelIntegratedComponent:60 - No mode defined for component null
2022-12-17 17:22:09,106 [WARN] ModelIntegratedComponent:60 - No mode defined for component null
2022-12-17 17:22:09,106 [WARN] ModelIntegratedComponent:60 - No mode defined for component null
2022-12-17 17:22:09,106 [WARN] ModelIntegratedComponent:60 - No mode defined for component null
2022-12-17 17:22:09,106 [WARN] ModelIntegratedComponent:60 - No mode defined for component null
2022-12-17 17:22:09,106 [WARN] ModelIntegratedComponent:60 - No mode defined for component null
2022-12-17 17:22:09,108 [WARN] ApiManager:304 - Cannot register API 'Board Extension:NFC07A1' from pack STMicroelectronics.X-CUBE-NFC7.1.0.0: no header file found
2022-12-17 17:22:09,296 [WARN] ApiManager:304 - Cannot register API 'Board Extension:IKS01A3' from pack STMicroelectronics.X-CUBE-MEMS1.9.3.0: no header file found
2022-12-17 17:22:09,296 [WARN] ApiManager:304 - Cannot register API 'Board Extension:IKS01A2' from pack STMicroelectronics.X-CUBE-MEMS1.9.3.0: no header file found
2022-12-17 17:22:09,296 [WARN] ApiManager:304 - Cannot register API 'Board Extension:IKS02A1' from pack STMicroelectronics.X-CUBE-MEMS1.9.3.0: no header file found
2022-12-17 17:22:09,303 [WARN] ApiManager:304 - Cannot register API 'Board Extension:EEPRMA1' from pack STMicroelectronics.X-CUBE-EEPRMA1.3.1.1: no header file found
2022-12-17 17:22:09,304 [WARN] ApiManager:304 - Cannot register API 'Board Extension:EEPRMA2' from pack STMicroelectronics.X-CUBE-EEPRMA1.3.1.1: no header file found
2022-12-17 17:22:09,304 [WARN] ApiManager:304 - Cannot register API 'Board Extension:S2868A1' from pack STMicroelectronics.X-CUBE-SFXS2LP1.4.0.0: no header file found
2022-12-17 17:22:09,304 [WARN] ApiManager:304 - Cannot register API 'Board Extension:S2868A2' from pack STMicroelectronics.X-CUBE-SFXS2LP1.4.0.0: no header file found
2022-12-17 17:22:09,305 [WARN] ApiManager:304 - Cannot register API 'Board Extension:S2915A1' from pack STMicroelectronics.X-CUBE-SFXS2LP1.4.0.0: no header file found
2022-12-17 17:22:09,305 [WARN] ApiManager:304 - Cannot register API 'Wireless:BlueNRG-2' from pack STMicroelectronics.X-CUBE-BLE2.3.3.0: no header file found
2022-12-17 17:22:12,835 [INFO] UtilMem:74 - End LoadConfig() Used Memory: 396864416 Bytes (700448768)
2022-12-17 17:22:12,843 [WARN] ThirdParty:779 - waiting for thirdparty lock release [change project]
2022-12-17 17:22:12,844 [INFO] ThirdParty:781 - entering critical section [change project]
2022-12-17 17:22:12,844 [INFO] ThirdParty:967 - CMSIS Pack Vendor :STMicroelectronics X-CUBE-ISPU 1.1.0
2022-12-17 17:22:12,844 [INFO] ThirdParty:967 - CMSIS Pack Vendor :RoweBots I-CUBE-UNISONRTOS 5.5.0-4
2022-12-17 17:22:12,844 [INFO] ThirdParty:967 - CMSIS Pack Vendor :STMicroelectronics X-CUBE-GNSS1 6.0.0
2022-12-17 17:22:12,844 [INFO] ThirdParty:967 - CMSIS Pack Vendor :STMicroelectronics X-CUBE-AZRTOS-H7 2.1.0
2022-12-17 17:22:12,844 [INFO] ThirdParty:967 - CMSIS Pack Vendor :STMicroelectronics USB_HOST 2.0.0
2022-12-17 17:22:12,844 [INFO] ThirdParty:967 - CMSIS Pack Vendor :STMicroelectronics X-CUBE-AZRTOS-F4 1.1.0
2022-12-17 17:22:12,844 [INFO] ThirdParty:967 - CMSIS Pack Vendor :wolfSSL I-CUBE-wolfSSL 5.4.0
2022-12-17 17:22:12,844 [INFO] ThirdParty:967 - CMSIS Pack Vendor :STMicroelectronics USB_DEVICE 3.0.0
2022-12-17 17:22:12,844 [INFO] ThirdParty:967 - CMSIS Pack Vendor :STMicroelectronics X-CUBE-BLEMGR 1.0.0
2022-12-17 17:22:12,844 [INFO] ThirdParty:967 - CMSIS Pack Vendor :STMicroelectronics X-CUBE-BLEMGR 1.2.0
2022-12-17 17:22:12,844 [INFO] ThirdParty:967 - CMSIS Pack Vendor :STMicroelectronics X-CUBE-AZRTOS-F7 1.1.0
2022-12-17 17:22:12,845 [INFO] ThirdParty:967 - CMSIS Pack Vendor :STMicroelectronics X-CUBE-MEMS1 9.4.0
2022-12-17 17:22:12,845 [INFO] ThirdParty:967 - CMSIS Pack Vendor :STMicroelectronics USB_DEVICE 2.0.0
2022-12-17 17:22:12,845 [INFO] ThirdParty:967 - CMSIS Pack Vendor :STMicroelectronics X-CUBE-AI 7.3.0
2022-12-17 17:22:12,845 [INFO] ThirdParty:967 - CMSIS Pack Vendor :STMicroelectronics X-CUBE-BLE1 6.2.3
2022-12-17 17:22:12,845 [INFO] ThirdParty:967 - CMSIS Pack Vendor :STMicroelectronics X-CUBE-ALGOBUILD 1.3.0
2022-12-17 17:22:12,845 [INFO] ThirdParty:967 - CMSIS Pack Vendor :STMicroelectronics X-CUBE-BLE1 6.2.4
2022-12-17 17:22:12,845 [INFO] ThirdParty:967 - CMSIS Pack Vendor :STMicroelectronics X-CUBE-AZRTOS-L5 1.1.0
2022-12-17 17:22:12,845 [INFO] ThirdParty:967 - CMSIS Pack Vendor :STMicroelectronics FreeRTOS 0.0.1
2022-12-17 17:22:12,845 [INFO] ThirdParty:967 - CMSIS Pack Vendor :STMicroelectronics X-CUBE-AZRTOS-G0 1.1.0
2022-12-17 17:22:12,845 [INFO] ThirdParty:967 - CMSIS Pack Vendor :STMicroelectronics X-CUBE-SUBG2 5.0.0
2022-12-17 17:22:12,845 [INFO] ThirdParty:967 - CMSIS Pack Vendor :SEGGER I-CUBE-embOS 1.2.0
2022-12-17 17:22:12,845 [INFO] ThirdParty:967 - CMSIS Pack Vendor :STMicroelectronics lwIP 2.0.3
2022-12-17 17:22:12,845 [INFO] ThirdParty:967 - CMSIS Pack Vendor :STMicroelectronics X-CUBE-NFC4 2.0.5
2022-12-17 17:22:12,845 [INFO] ThirdParty:967 - CMSIS Pack Vendor :STMicroelectronics X-CUBE-NFC4 2.0.4
2022-12-17 17:22:12,846 [INFO] ThirdParty:967 - CMSIS Pack Vendor :STMicroelectronics USB_HOST 1.0.0
2022-12-17 17:22:12,846 [INFO] ThirdParty:967 - CMSIS Pack Vendor :STMicroelectronics PDM2PCM 3.1.0
2022-12-17 17:22:12,846 [INFO] ThirdParty:967 - CMSIS Pack Vendor :STMicroelectronics FP-ATR-ASTRA1 1.1.1
2022-12-17 17:22:12,846 [INFO] ThirdParty:967 - CMSIS Pack Vendor :STMicroelectronics PDM2PCM 3.3.0
2022-12-17 17:22:12,846 [INFO] ThirdParty:967 - CMSIS Pack Vendor :STMicroelectronics X-CUBE-TOF1 3.1.0
2022-12-17 17:22:12,846 [INFO] ThirdParty:967 - CMSIS Pack Vendor :STMicroelectronics FP-ATR-ASTRA1 1.1.0
2022-12-17 17:22:12,846 [INFO] ThirdParty:967 - CMSIS Pack Vendor :STMicroelectronics X-CUBE-BLEMGR 1.3.0
2022-12-17 17:22:12,846 [INFO] ThirdParty:967 - CMSIS Pack Vendor :STMicroelectronics X-CUBE-AZRTOS-G4 1.0.0
2022-12-17 17:22:12,846 [INFO] ThirdParty:967 - CMSIS Pack Vendor :STMicroelectronics FP-ATR-SIGFOX1 3.2.0
2022-12-17 17:22:12,846 [INFO] ThirdParty:967 - CMSIS Pack Vendor :STMicroelectronics X-CUBE-AZRTOS-L4 1.0.0
2022-12-17 17:22:12,846 [INFO] ThirdParty:967 - CMSIS Pack Vendor :STMicroelectronics HAL Drivers 0.0.0
2022-12-17 17:22:12,846 [INFO] ThirdParty:967 - CMSIS Pack Vendor :STMicroelectronics MBEDTLS 2.16.2
2022-12-17 17:22:12,846 [INFO] ThirdParty:967 - CMSIS Pack Vendor :emotas I-CUBE-CANOPEN 1.1.2
2022-12-17 17:22:12,846 [INFO] ThirdParty:967 - CMSIS Pack Vendor :STMicroelectronics X-CUBE-TOUCHGFX 4.20.0
2022-12-17 17:22:12,846 [INFO] ThirdParty:967 - CMSIS Pack Vendor :STMicroelectronics MBEDTLS 2.14.1
2022-12-17 17:22:12,847 [INFO] ThirdParty:967 - CMSIS Pack Vendor :STMicroelectronics X-CUBE-NFC7 1.0.0
2022-12-17 17:22:12,847 [INFO] ThirdParty:967 - CMSIS Pack Vendor :STMicroelectronics X-CUBE-AZRTOS-WL 1.0.0
2022-12-17 17:22:12,847 [INFO] ThirdParty:967 - CMSIS Pack Vendor :STMicroelectronics X-CUBE-MEMS1 9.3.0
2022-12-17 17:22:12,847 [INFO] ThirdParty:967 - CMSIS Pack Vendor :portGmbH I-Cube-SoM-uGOAL 1.1.0
2022-12-17 17:22:12,847 [INFO] ThirdParty:967 - CMSIS Pack Vendor :STMicroelectronics X-CUBE-ALS 1.0.1
2022-12-17 17:22:12,847 [INFO] ThirdParty:967 - CMSIS Pack Vendor :STMicroelectronics X-CUBE-AI 7.2.0
2022-12-17 17:22:12,847 [INFO] ThirdParty:967 - CMSIS Pack Vendor :STMicroelectronics X-CUBE-AZRTOS-WB 1.1.0
2022-12-17 17:22:12,847 [INFO] ThirdParty:967 - CMSIS Pack Vendor :STMicroelectronics X-CUBE-AZRTOS-L5 1.0.0
2022-12-17 17:22:12,847 [INFO] ThirdParty:967 - CMSIS Pack Vendor :STMicroelectronics USB_DEVICE 1.0.0
2022-12-17 17:22:12,847 [INFO] ThirdParty:967 - CMSIS Pack Vendor :STMicroelectronics X-CUBE-EEPRMA1 3.1.1
2022-12-17 17:22:12,847 [INFO] ThirdParty:967 - CMSIS Pack Vendor :STMicroelectronics ThreadX 0.0.2
2022-12-17 17:22:12,847 [INFO] ThirdParty:967 - CMSIS Pack Vendor :STMicroelectronics lwIP 2.1.2
2022-12-17 17:22:12,847 [INFO] ThirdParty:967 - CMSIS Pack Vendor :STMicroelectronics X-CUBE-SFXS2LP1 4.0.0
2022-12-17 17:22:12,847 [INFO] ThirdParty:967 - CMSIS Pack Vendor :STMicroelectronics X-CUBE-BLE2 3.3.0
2022-12-17 17:22:12,847 [INFO] ThirdParty:967 - CMSIS Pack Vendor :STMicroelectronics X-CUBE-DISPLAY 2.2.0
2022-12-17 17:22:12,848 [INFO] ThirdParty:967 - CMSIS Pack Vendor :STMicroelectronics X-CUBE-TOF1 3.2.0
2022-12-17 17:22:12,848 [INFO] ThirdParty:967 - CMSIS Pack Vendor :STMicroelectronics PDM2PCM 3.2.0
2022-12-17 17:22:12,848 [INFO] ThirdParty:967 - CMSIS Pack Vendor :STMicroelectronics X-CUBE-ISPU 1.0.0
2022-12-17 17:22:12,848 [INFO] ThirdParty:787 - exiting critical section [change project]
2022-12-17 17:22:13,072 [INFO] PinOutPanel:1463 - setPackage(No Configuration,No Configuration)
2022-12-17 17:22:13,074 [INFO] PinOutPanel:1463 - setPackage(STM32F103C6Ux,UFQFPN48)
2022-12-17 17:22:13,444 [INFO] UtilMem:74 - Before build in PCC Used Memory: 366201840 Bytes (700448768)
2022-12-17 17:22:14,093 [INFO] UtilMem:74 - After build in PCC Used Memory: 444318704 Bytes (700448768)
2022-12-17 17:22:14,113 [INFO] IPUIPlugin:74 - create IPUIPlugin
2022-12-17 17:22:14,114 [INFO] IPUIPlugin:74 - create IPUIPlugin
2022-12-17 17:22:14,114 [INFO] IPUIPlugin:74 - create IPUIPlugin
2022-12-17 17:22:14,114 [INFO] IPUIPlugin:74 - create IPUIPlugin
2022-12-17 17:22:14,114 [INFO] IPUIPlugin:74 - create IPUIPlugin
2022-12-17 17:22:14,114 [INFO] IPUIPlugin:74 - create IPUIPlugin
2022-12-17 17:22:14,114 [INFO] IPUIPlugin:74 - create IPUIPlugin
2022-12-17 17:22:14,114 [INFO] IPUIPlugin:74 - create IPUIPlugin
2022-12-17 17:22:14,115 [INFO] IPUIPlugin:74 - create IPUIPlugin
2022-12-17 17:22:14,115 [INFO] IPUIPlugin:74 - create IPUIPlugin
2022-12-17 17:22:14,115 [INFO] IPUIPlugin:74 - create IPUIPlugin
2022-12-17 17:22:14,115 [INFO] IPUIPlugin:74 - create IPUIPlugin
2022-12-17 17:22:14,115 [INFO] IPUIPlugin:74 - create IPUIPlugin
2022-12-17 17:22:14,116 [INFO] IPUIPlugin:74 - create IPUIPlugin
2022-12-17 17:22:14,116 [INFO] IPUIPlugin:74 - create IPUIPlugin
2022-12-17 17:22:14,116 [INFO] IPUIPlugin:74 - create IPUIPlugin
2022-12-17 17:22:14,117 [INFO] IPUIPlugin:74 - create IPUIPlugin
2022-12-17 17:22:14,117 [INFO] IPUIPlugin:74 - create IPUIPlugin
2022-12-17 17:22:14,117 [INFO] IPUIPlugin:74 - create IPUIPlugin
2022-12-17 17:22:14,117 [INFO] IPUIPlugin:74 - create IPUIPlugin
2022-12-17 17:22:14,118 [INFO] IPUIPlugin:74 - create IPUIPlugin
2022-12-17 17:22:14,118 [INFO] IPUIPlugin:74 - create IPUIPlugin
2022-12-17 17:22:14,118 [INFO] IPUIPlugin:74 - create IPUIPlugin
2022-12-17 17:22:14,242 [INFO] OpenFileManager:333 - Restore cursor
2022-12-17 17:22:14,532 [INFO] UtilMem:74 - End SaveConfig() Used Memory: 517427416 Bytes (700448768)
2022-12-17 17:22:14,600 [INFO] UtilMem:74 - End SaveConfig() Used Memory: 530301936 Bytes (700448768)
2022-12-17 17:22:14,926 [INFO] BlockDiagram:2740 - set Specific Code input for plugin: NVIC
2022-12-17 17:22:14,926 [INFO] BlockDiagram:2740 - set Specific Code input for plugin: SYS
2022-12-17 17:22:14,926 [INFO] BlockDiagram:2740 - set Specific Code input for plugin: GPIO
2022-12-17 17:22:14,927 [INFO] BlockDiagram:2740 - set Specific Code input for plugin: ADC
2022-12-17 17:22:14,927 [INFO] BlockDiagram:2740 - set Specific Code input for plugin: USART
2022-12-17 17:22:14,927 [INFO] BlockDiagram:2740 - set Specific Code input for plugin: RCC
2022-12-17 17:22:14,927 [INFO] BlockDiagram:2740 - set Specific Code input for plugin: TIM1_8F1
2022-12-17 17:22:14,928 [INFO] CodeGenerator:663 - code generatio: config db path: C:\ST\STM32CubeIDE_1.7.0\STM32CubeIDE\plugins\com.st.stm32cube.common.mx_6.3.0.202107141111\\db\
2022-12-17 17:22:15,338 [INFO] CodeEngine:239 - oldGeneratedFile, C:\Users\Hong Phat\Desktop\lab5\TIMER\MXTmpFiles\license.tmp_save
2022-12-17 17:22:15,731 [INFO] CodeEngine:257 - Generated code: C:\Users\Hong Phat\Desktop\lab5\TIMER\MXTmpFiles\license.tmp
2022-12-17 17:22:15,944 [INFO] CodeEngine:239 - oldGeneratedFile, C:\Users\Hong Phat\Desktop\lab5\TIMER\MXTmpFiles\gpio.tmp_save
2022-12-17 17:22:16,045 [INFO] CodeEngine:257 - Generated code: C:\Users\Hong Phat\Desktop\lab5\TIMER\MXTmpFiles\gpio.tmp
2022-12-17 17:22:16,463 [INFO] CodeEngine:239 - oldGeneratedFile, C:\Users\Hong Phat\Desktop\lab5\TIMER\Core\Src\stm32f1xx_it.c_save
2022-12-17 17:22:16,590 [INFO] CodeEngine:257 - Generated code: C:\Users\Hong Phat\Desktop\lab5\TIMER\Core\Src\stm32f1xx_it.c
2022-12-17 17:22:16,599 [INFO] CodeEngine:239 - oldGeneratedFile, C:\Users\Hong Phat\Desktop\lab5\TIMER\Core\Inc\stm32f1xx_it.h_save
2022-12-17 17:22:16,660 [INFO] CodeEngine:257 - Generated code: C:\Users\Hong Phat\Desktop\lab5\TIMER\Core\Inc\stm32f1xx_it.h
2022-12-17 17:22:16,684 [INFO] CodeEngine:239 - oldGeneratedFile, C:\Users\Hong Phat\Desktop\lab5\TIMER\Core\Src\stm32f1xx_hal_msp.c_save
2022-12-17 17:22:16,800 [INFO] CodeEngine:257 - Generated code: C:\Users\Hong Phat\Desktop\lab5\TIMER\Core\Src\stm32f1xx_hal_msp.c
2022-12-17 17:22:16,810 [INFO] CodeEngine:239 - oldGeneratedFile, C:\Users\Hong Phat\Desktop\lab5\TIMER\MXTmpFiles\system.tmp_save
2022-12-17 17:22:16,869 [INFO] CodeEngine:257 - Generated code: C:\Users\Hong Phat\Desktop\lab5\TIMER\MXTmpFiles\system.tmp
2022-12-17 17:22:16,887 [INFO] CodeEngine:239 - oldGeneratedFile, C:\Users\Hong Phat\Desktop\lab5\TIMER\Core\Inc\stm32f1xx_hal_conf.h_save
2022-12-17 17:22:16,962 [INFO] CodeEngine:257 - Generated code: C:\Users\Hong Phat\Desktop\lab5\TIMER\Core\Inc\stm32f1xx_hal_conf.h
2022-12-17 17:22:16,986 [WARN] IPConfigManager:3148 - IP not found : TIM
2022-12-17 17:22:16,987 [WARN] CodeGenerator:3268 - IP not found : null
2022-12-17 17:22:17,004 [INFO] CodeEngine:239 - oldGeneratedFile, C:\Users\Hong Phat\Desktop\lab5\TIMER\Core\Inc\main.h_save
2022-12-17 17:22:17,099 [INFO] CodeEngine:257 - Generated code: C:\Users\Hong Phat\Desktop\lab5\TIMER\Core\Inc\main.h
2022-12-17 17:22:17,112 [INFO] CodeEngine:239 - oldGeneratedFile, C:\Users\Hong Phat\Desktop\lab5\TIMER\Core\Src\main.c_save
2022-12-17 17:22:17,215 [INFO] CodeEngine:257 - Generated code: C:\Users\Hong Phat\Desktop\lab5\TIMER\Core\Src\main.c
2022-12-17 17:22:18,479 [INFO] ProjectBuilder:2578 - Time for Copy HAL[1] : 425mS.
2022-12-17 17:22:18,493 [INFO] ProjectBuilder:3622 - Project Generator version: 3.14.1
2022-12-17 17:22:18,942 [INFO] ConfigFileManager:1271 - The Die is : DIE412
2022-12-17 17:22:18,970 [INFO] ApiDbMcu:468 - Load IP Config File for FATFS
2022-12-17 17:22:19,007 [INFO] ApiDbMcu:468 - Load IP Config File for FREERTOS
2022-12-17 17:22:19,038 [INFO] ApiDbMcu:468 - Load IP Config File for USB_DEVICE
2022-12-17 17:22:22,966 [INFO] ProjectBuilder:3789 - Time for Generating toolchain IDE Files: 4473mS.
2022-12-17 17:22:22,969 [INFO] ProjectBuilder:2457 - Time for Copy CMSIS : 2mS.
2022-12-17 17:22:22,981 [INFO] ProjectBuilder:2457 - Time for Copy CMSIS : 1mS.
2022-12-17 17:22:23,764 [INFO] McuFinderGlobals:52 - Set McuFinderConnectedMode to true
2022-12-17 17:22:23,961 [INFO] ApiDb:276 - Save user favorites file C:\Users\Hong Phat/.stm32cubeide/favorites.mcus.txt: 0 item(s)
2022-12-17 17:22:23,961 [INFO] ApiDb:280 - User favorites MCUs=[]
2022-12-17 17:41:10,998 [INFO] Activator:177 - 


2022-12-17 17:41:11,000 [INFO] Activator:178 - !SESSION log4j initialized
